 (0,0): Unity incremental compiler server
 (0,0): watchdog active on pid: 14096
 (0,0): [09/30/2018 03:50:09.780 PM] Assembly-CSharp.dll: no prior compilation found in cache
 (0,0): [09/30/2018 03:50:09.798 PM] Assembly-CSharp.dll compiling...
 (0,0): [09/30/2018 03:50:16.883 PM] Assembly-CSharp.dll: emitting IL to : C:\Users\nj7\OneDrive\Desktop\ProjectCubesDevelopment\Project_Cubes\Project Cubes\Temp\Assembly-CSharp.dll
 (0,0): [09/30/2018 03:50:17.274 PM] Assembly-CSharp.dll compilation finished in 7475ms  source files re-parsed: 381 metadata reloaded: 206
 (0,0): [09/30/2018 03:50:18.996 PM] Assembly-CSharp-Editor.dll: no prior compilation found in cache
 (0,0): [09/30/2018 03:50:19.009 PM] Assembly-CSharp-Editor.dll compiling...
 (0,0): [09/30/2018 03:50:19.625 PM] Assembly-CSharp-Editor.dll: emitting IL to : C:\Users\nj7\OneDrive\Desktop\ProjectCubesDevelopment\Project_Cubes\Project Cubes\Temp\Assembly-CSharp-Editor.dll
 (0,0): [09/30/2018 03:50:19.857 PM] Assembly-CSharp-Editor.dll compilation finished in 848ms  source files re-parsed: 66 metadata reloaded: 23
 (0,0): [09/30/2018 03:53:37.554 PM] Compiler cache size is now 20.43 MB
 (0,0): [09/30/2018 03:54:51.809 PM] Assembly-CSharp.dll compiling...
 (0,0): [09/30/2018 03:54:53.671 PM] Assembly-CSharp.dll: emitting IL to : C:\Users\nj7\OneDrive\Desktop\ProjectCubesDevelopment\Project_Cubes\Project Cubes\Temp\Assembly-CSharp.dll
 (0,0): [09/30/2018 03:54:53.947 PM] Assembly-CSharp.dll compilation finished in 2137ms  source files re-parsed: 1 metadata reloaded: 0
 (0,0): [09/30/2018 03:54:53.960 PM] Assembly-CSharp.dll: compilation was cached, 1 file(s) were found to have changed.
 (0,0): [09/30/2018 03:54:55.236 PM] Assembly-CSharp-Editor.dll compiling...
 (0,0): [09/30/2018 03:54:55.635 PM] Assembly-CSharp-Editor.dll: emitting IL to : C:\Users\nj7\OneDrive\Desktop\ProjectCubesDevelopment\Project_Cubes\Project Cubes\Temp\Assembly-CSharp-Editor.dll
 (0,0): [09/30/2018 03:54:55.871 PM] Assembly-CSharp-Editor.dll compilation finished in 635ms  source files re-parsed: 0 metadata reloaded: 1
 (0,0): [09/30/2018 03:54:55.884 PM] Assembly-CSharp-Editor.dll: compilation was cached, 0 file(s) were found to have changed.
 (0,0): [09/30/2018 03:57:06.737 PM] Assembly-CSharp.dll: no prior compilation found in cache
 (0,0): [09/30/2018 03:57:06.801 PM] Assembly-CSharp.dll compiling...
 (0,0): [09/30/2018 03:57:10.685 PM] Assembly-CSharp.dll: emitting IL to : C:\Users\nj7\OneDrive\Desktop\ProjectCubesDevelopment\Project_Cubes\Project Cubes\Temp\Assembly-CSharp.dll
 (0,0): [09/30/2018 03:57:11.171 PM] Assembly-CSharp.dll compilation finished in 4369ms  source files re-parsed: 381 metadata reloaded: 0
 (0,0): [09/30/2018 03:57:12.451 PM] Assembly-CSharp-Editor.dll compiling...
 (0,0): [09/30/2018 03:57:12.886 PM] Assembly-CSharp-Editor.dll: emitting IL to : C:\Users\nj7\OneDrive\Desktop\ProjectCubesDevelopment\Project_Cubes\Project Cubes\Temp\Assembly-CSharp-Editor.dll
 (0,0): [09/30/2018 03:57:13.199 PM] Assembly-CSharp-Editor.dll compilation finished in 747ms  source files re-parsed: 0 metadata reloaded: 1
 (0,0): [09/30/2018 03:57:13.212 PM] Assembly-CSharp-Editor.dll: compilation was cached, 0 file(s) were found to have changed.
 (0,0): [09/30/2018 03:59:45.003 PM] Assembly-CSharp.dll compiling...
 (0,0): [09/30/2018 03:59:46.914 PM] Assembly-CSharp.dll: emitting IL to : C:\Users\nj7\OneDrive\Desktop\ProjectCubesDevelopment\Project_Cubes\Project Cubes\Temp\Assembly-CSharp.dll
 (0,0): [09/30/2018 03:59:47.174 PM] Assembly-CSharp.dll compilation finished in 2171ms  source files re-parsed: 1 metadata reloaded: 0
 (0,0): [09/30/2018 03:59:47.187 PM] Assembly-CSharp.dll: compilation was cached, 1 file(s) were found to have changed.
 (0,0): [09/30/2018 03:59:48.725 PM] Assembly-CSharp-Editor.dll compiling...
 (0,0): [09/30/2018 03:59:49.104 PM] Assembly-CSharp-Editor.dll: emitting IL to : C:\Users\nj7\OneDrive\Desktop\ProjectCubesDevelopment\Project_Cubes\Project Cubes\Temp\Assembly-CSharp-Editor.dll
 (0,0): [09/30/2018 03:59:49.299 PM] Assembly-CSharp-Editor.dll compilation finished in 574ms  source files re-parsed: 0 metadata reloaded: 1
 (0,0): [09/30/2018 03:59:49.312 PM] Assembly-CSharp-Editor.dll: compilation was cached, 0 file(s) were found to have changed.
 (0,0): [09/30/2018 04:00:32.397 PM] Assembly-CSharp.dll compiling...
 (0,0): [09/30/2018 04:00:34.443 PM] Assembly-CSharp.dll: emitting IL to : C:\Users\nj7\OneDrive\Desktop\ProjectCubesDevelopment\Project_Cubes\Project Cubes\Temp\Assembly-CSharp.dll
 (0,0): [09/30/2018 04:00:34.934 PM] Assembly-CSharp.dll compilation finished in 2536ms  source files re-parsed: 1 metadata reloaded: 0
 (0,0): [09/30/2018 04:00:34.946 PM] Assembly-CSharp.dll: compilation was cached, 1 file(s) were found to have changed.
 (0,0): [09/30/2018 04:00:36.321 PM] Assembly-CSharp-Editor.dll compiling...
 (0,0): [09/30/2018 04:00:36.620 PM] Assembly-CSharp-Editor.dll: emitting IL to : C:\Users\nj7\OneDrive\Desktop\ProjectCubesDevelopment\Project_Cubes\Project Cubes\Temp\Assembly-CSharp-Editor.dll
 (0,0): [09/30/2018 04:00:36.815 PM] Assembly-CSharp-Editor.dll compilation finished in 493ms  source files re-parsed: 0 metadata reloaded: 1
 (0,0): [09/30/2018 04:00:36.827 PM] Assembly-CSharp-Editor.dll: compilation was cached, 0 file(s) were found to have changed.
 (0,0): [09/30/2018 04:05:13.255 PM] Assembly-CSharp.dll compiling...
 (0,0): [09/30/2018 04:05:18.993 PM] Assembly-CSharp.dll: emitting IL to : C:\Users\nj7\OneDrive\Desktop\ProjectCubesDevelopment\Project_Cubes\Project Cubes\Temp\Assembly-CSharp.dll
 (0,0): [09/30/2018 04:05:20.137 PM] Assembly-CSharp.dll compilation finished in 6881ms  source files re-parsed: 1 metadata reloaded: 0
 (0,0): [09/30/2018 04:05:20.254 PM] Assembly-CSharp.dll: compilation was cached, 1 file(s) were found to have changed.
 (0,0): [09/30/2018 04:05:27.532 PM] Assembly-CSharp-Editor.dll compiling...
 (0,0): [09/30/2018 04:05:28.055 PM] Assembly-CSharp-Editor.dll: emitting IL to : C:\Users\nj7\OneDrive\Desktop\ProjectCubesDevelopment\Project_Cubes\Project Cubes\Temp\Assembly-CSharp-Editor.dll
 (0,0): [09/30/2018 04:05:28.706 PM] Assembly-CSharp-Editor.dll compilation finished in 1174ms  source files re-parsed: 0 metadata reloaded: 1
 (0,0): [09/30/2018 04:05:28.740 PM] Assembly-CSharp-Editor.dll: compilation was cached, 0 file(s) were found to have changed.
 (0,0): [09/30/2018 04:05:57.012 PM] Assembly-CSharp.dll compiling...
 (0,0): [09/30/2018 04:05:59.408 PM] Assembly-CSharp.dll: emitting IL to : C:\Users\nj7\OneDrive\Desktop\ProjectCubesDevelopment\Project_Cubes\Project Cubes\Temp\Assembly-CSharp.dll
 (0,0): [09/30/2018 04:05:59.688 PM] Assembly-CSharp.dll compilation finished in 2676ms  source files re-parsed: 1 metadata reloaded: 0
 (0,0): [09/30/2018 04:05:59.701 PM] Assembly-CSharp.dll: compilation was cached, 1 file(s) were found to have changed.
 (0,0): [09/30/2018 04:06:01.110 PM] Assembly-CSharp-Editor.dll compiling...
 (0,0): [09/30/2018 04:06:01.733 PM] Assembly-CSharp-Editor.dll: emitting IL to : C:\Users\nj7\OneDrive\Desktop\ProjectCubesDevelopment\Project_Cubes\Project Cubes\Temp\Assembly-CSharp-Editor.dll
 (0,0): [09/30/2018 04:06:02.074 PM] Assembly-CSharp-Editor.dll compilation finished in 963ms  source files re-parsed: 0 metadata reloaded: 1
 (0,0): [09/30/2018 04:06:02.104 PM] Assembly-CSharp-Editor.dll: compilation was cached, 0 file(s) were found to have changed.
 (0,0): [09/30/2018 04:08:25.139 PM] Assembly-CSharp.dll compiling...
 (0,0): [09/30/2018 04:08:27.154 PM] Assembly-CSharp.dll: emitting IL to : C:\Users\nj7\OneDrive\Desktop\ProjectCubesDevelopment\Project_Cubes\Project Cubes\Temp\Assembly-CSharp.dll
 (0,0): [09/30/2018 04:08:27.448 PM] Assembly-CSharp.dll compilation finished in 2307ms  source files re-parsed: 1 metadata reloaded: 0
 (0,0): [09/30/2018 04:08:27.460 PM] Assembly-CSharp.dll: compilation was cached, 1 file(s) were found to have changed.
 (0,0): [09/30/2018 04:08:28.754 PM] Assembly-CSharp-Editor.dll compiling...
 (0,0): [09/30/2018 04:08:29.175 PM] Assembly-CSharp-Editor.dll: emitting IL to : C:\Users\nj7\OneDrive\Desktop\ProjectCubesDevelopment\Project_Cubes\Project Cubes\Temp\Assembly-CSharp-Editor.dll
 (0,0): [09/30/2018 04:08:29.380 PM] Assembly-CSharp-Editor.dll compilation finished in 625ms  source files re-parsed: 0 metadata reloaded: 1
 (0,0): [09/30/2018 04:08:29.392 PM] Assembly-CSharp-Editor.dll: compilation was cached, 0 file(s) were found to have changed.
 (0,0): [09/30/2018 04:08:56.932 PM] Compiler cache size is now 20.43 MB
 (0,0): [09/30/2018 04:34:11.181 PM] Assembly-CSharp.dll compiling...
 (0,0): [09/30/2018 04:34:14.387 PM] Assembly-CSharp.dll: emitting IL to : C:\Users\nj7\OneDrive\Desktop\ProjectCubesDevelopment\Project_Cubes\Project Cubes\Temp\Assembly-CSharp.dll
 (0,0): [09/30/2018 04:34:14.778 PM] Assembly-CSharp.dll compilation finished in 3596ms  source files re-parsed: 1 metadata reloaded: 0
 (0,0): [09/30/2018 04:34:14.791 PM] Assembly-CSharp.dll: compilation was cached, 1 file(s) were found to have changed.
 (0,0): [09/30/2018 04:34:15.828 PM] Assembly-CSharp-Editor.dll compiling...
 (0,0): [09/30/2018 04:34:16.241 PM] Assembly-CSharp-Editor.dll: emitting IL to : C:\Users\nj7\OneDrive\Desktop\ProjectCubesDevelopment\Project_Cubes\Project Cubes\Temp\Assembly-CSharp-Editor.dll
 (0,0): [09/30/2018 04:34:16.556 PM] Assembly-CSharp-Editor.dll compilation finished in 727ms  source files re-parsed: 0 metadata reloaded: 1
 (0,0): [09/30/2018 04:34:16.571 PM] Assembly-CSharp-Editor.dll: compilation was cached, 0 file(s) were found to have changed.
 (0,0): [09/30/2018 04:34:21.690 PM] Compiler cache size is now 20.43 MB
